{"/Users/nikita_mac/Documents/frontend-project-46/_fixtures_/resultFlatFile.js": {"path":"/Users/nikita_mac/Documents/frontend-project-46/_fixtures_/resultFlatFile.js","statementMap":{"0":{"start":{"line":1,"column":23},"end":{"line":1,"column":142}},"1":{"start":{"line":4,"column":0},"end":{"line":4,"column":27}}},"fnMap":{},"branchMap":{},"s":{"0":1,"1":1},"f":{},"b":{},"_coverageSchema":"1a1c01bbd47fc00a2c39e90264f33305004495a9","hash":"d0e4f0a4c76211b9ec374a081afe61bc3a3c995f"}
,"/Users/nikita_mac/Documents/frontend-project-46/src/buildTree.js": {"path":"/Users/nikita_mac/Documents/frontend-project-46/src/buildTree.js","statementMap":{"0":{"start":{"line":5,"column":18},"end":{"line":37,"column":1}},"1":{"start":{"line":6,"column":23},"end":{"line":6,"column":25}},"2":{"start":{"line":7,"column":20},"end":{"line":7,"column":22}},"3":{"start":{"line":8,"column":27},"end":{"line":8,"column":45}},"4":{"start":{"line":9,"column":27},"end":{"line":9,"column":45}},"5":{"start":{"line":10,"column":18},"end":{"line":10,"column":38}},"6":{"start":{"line":11,"column":18},"end":{"line":11,"column":38}},"7":{"start":{"line":12,"column":17},"end":{"line":14,"column":5}},"8":{"start":{"line":15,"column":4},"end":{"line":34,"column":5}},"9":{"start":{"line":16,"column":8},"end":{"line":25,"column":9}},"10":{"start":{"line":17,"column":12},"end":{"line":20,"column":13}},"11":{"start":{"line":18,"column":16},"end":{"line":18,"column":54}},"12":{"start":{"line":19,"column":16},"end":{"line":19,"column":42}},"13":{"start":{"line":21,"column":12},"end":{"line":24,"column":13}},"14":{"start":{"line":22,"column":16},"end":{"line":22,"column":80}},"15":{"start":{"line":23,"column":16},"end":{"line":23,"column":42}},"16":{"start":{"line":26,"column":8},"end":{"line":29,"column":9}},"17":{"start":{"line":27,"column":12},"end":{"line":27,"column":50}},"18":{"start":{"line":28,"column":12},"end":{"line":28,"column":38}},"19":{"start":{"line":30,"column":8},"end":{"line":33,"column":9}},"20":{"start":{"line":31,"column":12},"end":{"line":31,"column":50}},"21":{"start":{"line":32,"column":12},"end":{"line":32,"column":38}},"22":{"start":{"line":35,"column":25},"end":{"line":35,"column":71}},"23":{"start":{"line":36,"column":4},"end":{"line":36,"column":23}}},"fnMap":{"0":{"name":"(anonymous_0)","decl":{"start":{"line":5,"column":18},"end":{"line":5,"column":19}},"loc":{"start":{"line":5,"column":44},"end":{"line":37,"column":1}},"line":5}},"branchMap":{"0":{"loc":{"start":{"line":16,"column":8},"end":{"line":25,"column":9}},"type":"if","locations":[{"start":{"line":16,"column":8},"end":{"line":25,"column":9}},{"start":{},"end":{}}],"line":16},"1":{"loc":{"start":{"line":16,"column":12},"end":{"line":16,"column":60}},"type":"binary-expr","locations":[{"start":{"line":16,"column":12},"end":{"line":16,"column":34}},{"start":{"line":16,"column":38},"end":{"line":16,"column":60}}],"line":16},"2":{"loc":{"start":{"line":17,"column":12},"end":{"line":20,"column":13}},"type":"if","locations":[{"start":{"line":17,"column":12},"end":{"line":20,"column":13}},{"start":{},"end":{}}],"line":17},"3":{"loc":{"start":{"line":21,"column":12},"end":{"line":24,"column":13}},"type":"if","locations":[{"start":{"line":21,"column":12},"end":{"line":24,"column":13}},{"start":{},"end":{}}],"line":21},"4":{"loc":{"start":{"line":26,"column":8},"end":{"line":29,"column":9}},"type":"if","locations":[{"start":{"line":26,"column":8},"end":{"line":29,"column":9}},{"start":{},"end":{}}],"line":26},"5":{"loc":{"start":{"line":26,"column":12},"end":{"line":26,"column":61}},"type":"binary-expr","locations":[{"start":{"line":26,"column":12},"end":{"line":26,"column":34}},{"start":{"line":26,"column":38},"end":{"line":26,"column":61}}],"line":26},"6":{"loc":{"start":{"line":30,"column":8},"end":{"line":33,"column":9}},"type":"if","locations":[{"start":{"line":30,"column":8},"end":{"line":33,"column":9}},{"start":{},"end":{}}],"line":30},"7":{"loc":{"start":{"line":30,"column":12},"end":{"line":30,"column":61}},"type":"binary-expr","locations":[{"start":{"line":30,"column":12},"end":{"line":30,"column":35}},{"start":{"line":30,"column":39},"end":{"line":30,"column":61}}],"line":30}},"s":{"0":1,"1":1,"2":1,"3":1,"4":1,"5":1,"6":1,"7":1,"8":1,"9":5,"10":2,"11":1,"12":1,"13":2,"14":1,"15":1,"16":5,"17":2,"18":2,"19":5,"20":1,"21":1,"22":1,"23":1},"f":{"0":1},"b":{"0":[2,3],"1":[5,4],"2":[1,1],"3":[1,1],"4":[2,3],"5":[5,4],"6":[1,4],"7":[5,1]},"_coverageSchema":"1a1c01bbd47fc00a2c39e90264f33305004495a9","hash":"60ec65359bc3a98867a5e97a5a5009a3673dbae3"}
,"/Users/nikita_mac/Documents/frontend-project-46/src/utils/getFile.js": {"path":"/Users/nikita_mac/Documents/frontend-project-46/src/utils/getFile.js","statementMap":{"0":{"start":{"line":3,"column":16},"end":{"line":9,"column":1}},"1":{"start":{"line":5,"column":8},"end":{"line":5,"column":79}},"2":{"start":{"line":6,"column":17},"end":{"line":6,"column":54}},"3":{"start":{"line":7,"column":17},"end":{"line":7,"column":48}},"4":{"start":{"line":8,"column":4},"end":{"line":8,"column":24}}},"fnMap":{"0":{"name":"(anonymous_0)","decl":{"start":{"line":3,"column":16},"end":{"line":3,"column":17}},"loc":{"start":{"line":3,"column":30},"end":{"line":9,"column":1}},"line":3}},"branchMap":{"0":{"loc":{"start":{"line":5,"column":8},"end":{"line":5,"column":79}},"type":"cond-expr","locations":[{"start":{"line":5,"column":46},"end":{"line":5,"column":54}},{"start":{"line":5,"column":57},"end":{"line":5,"column":79}}],"line":5}},"s":{"0":1,"1":3,"2":3,"3":3,"4":3},"f":{"0":3},"b":{"0":[0,3]},"_coverageSchema":"1a1c01bbd47fc00a2c39e90264f33305004495a9","hash":"8e8472a7592723b4a497ebfb6cc1e7a4c96758fa"}
,"/Users/nikita_mac/Documents/frontend-project-46/src/utils/parser.js": {"path":"/Users/nikita_mac/Documents/frontend-project-46/src/utils/parser.js","statementMap":{"0":{"start":{"line":4,"column":15},"end":{"line":14,"column":1}},"1":{"start":{"line":5,"column":4},"end":{"line":8,"column":5}},"2":{"start":{"line":6,"column":21},"end":{"line":6,"column":36}},"3":{"start":{"line":7,"column":8},"end":{"line":7,"column":19}},"4":{"start":{"line":9,"column":4},"end":{"line":12,"column":5}},"5":{"start":{"line":10,"column":21},"end":{"line":10,"column":37}},"6":{"start":{"line":11,"column":8},"end":{"line":11,"column":19}},"7":{"start":{"line":13,"column":4},"end":{"line":13,"column":33}}},"fnMap":{"0":{"name":"(anonymous_0)","decl":{"start":{"line":4,"column":15},"end":{"line":4,"column":16}},"loc":{"start":{"line":4,"column":31},"end":{"line":14,"column":1}},"line":4}},"branchMap":{"0":{"loc":{"start":{"line":5,"column":4},"end":{"line":8,"column":5}},"type":"if","locations":[{"start":{"line":5,"column":4},"end":{"line":8,"column":5}},{"start":{},"end":{}}],"line":5},"1":{"loc":{"start":{"line":9,"column":4},"end":{"line":12,"column":5}},"type":"if","locations":[{"start":{"line":9,"column":4},"end":{"line":12,"column":5}},{"start":{},"end":{}}],"line":9}},"s":{"0":1,"1":3,"2":0,"3":0,"4":3,"5":3,"6":3,"7":0},"f":{"0":3},"b":{"0":[0,3],"1":[3,0]},"_coverageSchema":"1a1c01bbd47fc00a2c39e90264f33305004495a9","hash":"cc279ab7d664c5bed5fcc8607f69d9e7a298b60a"}
}
