TN:
SF:_fixtures_/resultFlatFile.js
FNF:0
FNH:0
DA:1,1
DA:4,1
LF:2
LH:2
BRF:0
BRH:0
end_of_record
TN:
SF:src/buildTree.js
FN:5,(anonymous_0)
FNF:1
FNH:1
FNDA:1,(anonymous_0)
DA:5,1
DA:6,1
DA:7,1
DA:8,1
DA:9,1
DA:10,1
DA:11,1
DA:12,1
DA:15,1
DA:16,5
DA:17,2
DA:18,1
DA:19,1
DA:21,2
DA:22,1
DA:23,1
DA:26,5
DA:27,2
DA:28,2
DA:30,5
DA:31,1
DA:32,1
DA:35,1
DA:36,1
LF:24
LH:24
BRDA:16,0,0,2
BRDA:16,0,1,3
BRDA:16,1,0,5
BRDA:16,1,1,4
BRDA:17,2,0,1
BRDA:17,2,1,1
BRDA:21,3,0,1
BRDA:21,3,1,1
BRDA:26,4,0,2
BRDA:26,4,1,3
BRDA:26,5,0,5
BRDA:26,5,1,4
BRDA:30,6,0,1
BRDA:30,6,1,4
BRDA:30,7,0,5
BRDA:30,7,1,1
BRF:16
BRH:16
end_of_record
TN:
SF:src/utils/getFile.js
FN:3,(anonymous_0)
FNF:1
FNH:1
FNDA:3,(anonymous_0)
DA:3,1
DA:5,3
DA:6,3
DA:7,3
DA:8,3
LF:5
LH:5
BRDA:5,0,0,0
BRDA:5,0,1,3
BRF:2
BRH:1
end_of_record
TN:
SF:src/utils/parser.js
FN:4,(anonymous_0)
FNF:1
FNH:1
FNDA:3,(anonymous_0)
DA:4,1
DA:5,3
DA:6,0
DA:7,0
DA:9,3
DA:10,3
DA:11,3
DA:13,0
LF:8
LH:5
BRDA:5,0,0,0
BRDA:5,0,1,3
BRDA:9,1,0,3
BRDA:9,1,1,0
BRF:4
BRH:2
end_of_record
