TN:
SF:_fixtures_/resultFlatFile.js
FNF:0
FNH:0
DA:1,1
DA:4,1
LF:2
LH:2
BRF:0
BRH:0
end_of_record
TN:
SF:src/buildTree.js
FN:3,(anonymous_0)
FNF:1
FNH:1
FNDA:1,(anonymous_0)
DA:3,1
DA:4,1
DA:5,1
DA:8,1
DA:9,5
DA:10,2
DA:11,1
DA:12,1
DA:14,2
DA:15,1
DA:16,1
DA:19,5
DA:20,2
DA:21,2
DA:23,5
DA:24,1
DA:25,1
DA:28,1
LF:18
LH:18
BRDA:9,0,0,2
BRDA:9,0,1,3
BRDA:9,1,0,5
BRDA:9,1,1,4
BRDA:10,2,0,1
BRDA:10,2,1,1
BRDA:14,3,0,1
BRDA:14,3,1,1
BRDA:19,4,0,2
BRDA:19,4,1,3
BRDA:19,5,0,5
BRDA:19,5,1,4
BRDA:23,6,0,1
BRDA:23,6,1,4
BRDA:23,7,0,5
BRDA:23,7,1,1
BRF:16
BRH:16
end_of_record
TN:
SF:src/genDiff.js
FN:5,(anonymous_0)
FNF:1
FNH:1
FNDA:1,(anonymous_0)
DA:5,1
DA:6,1
DA:7,1
DA:8,1
DA:9,1
LF:5
LH:5
BRF:0
BRH:0
end_of_record
TN:
SF:src/parser.js
FN:3,(anonymous_0)
FNF:1
FNH:1
FNDA:3,(anonymous_0)
DA:3,1
DA:4,3
DA:5,0
DA:6,0
DA:8,3
DA:9,3
DA:10,3
DA:12,0
LF:8
LH:5
BRDA:4,0,0,0
BRDA:4,0,1,3
BRDA:8,1,0,3
BRDA:8,1,1,0
BRF:4
BRH:2
end_of_record
TN:
SF:src/utils/getFile.js
FN:3,(anonymous_0)
FNF:1
FNH:1
FNDA:3,(anonymous_0)
DA:3,1
DA:5,3
DA:6,3
DA:7,3
DA:8,3
LF:5
LH:5
BRDA:5,0,0,0
BRDA:5,0,1,3
BRF:2
BRH:1
end_of_record
